{
  "stats": {
    "suites": 10,
    "tests": 22,
    "passes": 22,
    "pending": 0,
    "failures": 0,
    "start": "2023-04-06T09:47:21.965Z",
    "end": "2023-04-06T09:47:52.210Z",
    "duration": 30245,
    "testsRegistered": 22,
    "passPercent": 100,
    "pendingPercent": 0,
    "other": 0,
    "hasOther": false,
    "skipped": 0,
    "hasSkipped": false
  },
  "results": [
    {
      "uuid": "23fbb517-8466-4c1b-a1d0-faa087bba636",
      "title": "",
      "fullFile": "",
      "file": "",
      "beforeHooks": [],
      "afterHooks": [],
      "tests": [],
      "suites": [
        {
          "uuid": "57a9130b-749d-4877-bbac-478ec132a13f",
          "title": "assert check",
          "fullFile": "C:\\Users\\asifr\\Desktop\\mochaChai\\test-case\\chai.spec.js",
          "file": "\\test-case\\chai.spec.js",
          "beforeHooks": [],
          "afterHooks": [],
          "tests": [
            {
              "title": "check string",
              "fullTitle": "assert check check string",
              "timedOut": false,
              "duration": 1,
              "state": "passed",
              "speed": "fast",
              "pass": true,
              "fail": false,
              "pending": false,
              "context": null,
              "code": "assert.typeOf(userName, \"string\")",
              "err": {},
              "uuid": "e7574dae-d1c4-40b6-aedf-c5941f43a73b",
              "parentUUID": "57a9130b-749d-4877-bbac-478ec132a13f",
              "isHook": false,
              "skipped": false
            },
            {
              "title": "equal check",
              "fullTitle": "assert check equal check",
              "timedOut": false,
              "duration": 1,
              "state": "passed",
              "speed": "fast",
              "pass": true,
              "fail": false,
              "pending": false,
              "context": null,
              "code": "assert.equal(userName, \"asif\")",
              "err": {},
              "uuid": "453b933d-b606-44ff-be6d-90c5db0290c7",
              "parentUUID": "57a9130b-749d-4877-bbac-478ec132a13f",
              "isHook": false,
              "skipped": false
            },
            {
              "title": "length check",
              "fullTitle": "assert check length check",
              "timedOut": false,
              "duration": 3,
              "state": "passed",
              "speed": "fast",
              "pass": true,
              "fail": false,
              "pending": false,
              "context": null,
              "code": "assert.lengthOf(userName, 4, `${userName} value has a length ${userName.length}`);",
              "err": {},
              "uuid": "c6523094-1f82-4d3c-8d0c-6b2aa0922404",
              "parentUUID": "57a9130b-749d-4877-bbac-478ec132a13f",
              "isHook": false,
              "skipped": false
            },
            {
              "title": "length check of product",
              "fullTitle": "assert check length check of product",
              "timedOut": false,
              "duration": 1,
              "state": "passed",
              "speed": "fast",
              "pass": true,
              "fail": false,
              "pending": false,
              "context": null,
              "code": "assert.lengthOf(product.items, 2, `${product.items} value has a length ${product.items.length}`);",
              "err": {},
              "uuid": "11380b0c-fe8d-4a94-88f4-387b5c343f54",
              "parentUUID": "57a9130b-749d-4877-bbac-478ec132a13f",
              "isHook": false,
              "skipped": false
            }
          ],
          "suites": [],
          "passes": [
            "e7574dae-d1c4-40b6-aedf-c5941f43a73b",
            "453b933d-b606-44ff-be6d-90c5db0290c7",
            "c6523094-1f82-4d3c-8d0c-6b2aa0922404",
            "11380b0c-fe8d-4a94-88f4-387b5c343f54"
          ],
          "failures": [],
          "pending": [],
          "skipped": [],
          "duration": 6,
          "root": false,
          "rootEmpty": false,
          "_timeout": 2000
        },
        {
          "uuid": "1213ef93-a3e8-4206-9d8e-19beb673743d",
          "title": "should check",
          "fullFile": "C:\\Users\\asifr\\Desktop\\mochaChai\\test-case\\chai.spec.js",
          "file": "\\test-case\\chai.spec.js",
          "beforeHooks": [],
          "afterHooks": [],
          "tests": [
            {
              "title": "check string",
              "fullTitle": "should check check string",
              "timedOut": false,
              "duration": 0,
              "state": "passed",
              "speed": "fast",
              "pass": true,
              "fail": false,
              "pending": false,
              "context": null,
              "code": "userName.should.be.a(\"string\")",
              "err": {},
              "uuid": "788af836-d766-4fd8-a205-7af6d09c85a7",
              "parentUUID": "1213ef93-a3e8-4206-9d8e-19beb673743d",
              "isHook": false,
              "skipped": false
            },
            {
              "title": "check equal",
              "fullTitle": "should check check equal",
              "timedOut": false,
              "duration": 1,
              "state": "passed",
              "speed": "fast",
              "pass": true,
              "fail": false,
              "pending": false,
              "context": null,
              "code": "userName.should.equal(\"asif\")",
              "err": {},
              "uuid": "f227d7b4-8309-4f46-bfb2-f9267960258d",
              "parentUUID": "1213ef93-a3e8-4206-9d8e-19beb673743d",
              "isHook": false,
              "skipped": false
            },
            {
              "title": "check length",
              "fullTitle": "should check check length",
              "timedOut": false,
              "duration": 0,
              "state": "passed",
              "speed": "fast",
              "pass": true,
              "fail": false,
              "pending": false,
              "context": null,
              "code": "product.should.have.property(\"items\").with.lengthOf(2)",
              "err": {},
              "uuid": "ef5bbe02-79ef-4b06-8d6d-90ab952a8fe5",
              "parentUUID": "1213ef93-a3e8-4206-9d8e-19beb673743d",
              "isHook": false,
              "skipped": false
            }
          ],
          "suites": [],
          "passes": [
            "788af836-d766-4fd8-a205-7af6d09c85a7",
            "f227d7b4-8309-4f46-bfb2-f9267960258d",
            "ef5bbe02-79ef-4b06-8d6d-90ab952a8fe5"
          ],
          "failures": [],
          "pending": [],
          "skipped": [],
          "duration": 1,
          "root": false,
          "rootEmpty": false,
          "_timeout": 2000
        },
        {
          "uuid": "e67a09cd-b8f0-42f4-bc38-40f8e5669a78",
          "title": "expect check",
          "fullFile": "C:\\Users\\asifr\\Desktop\\mochaChai\\test-case\\chai.spec.js",
          "file": "\\test-case\\chai.spec.js",
          "beforeHooks": [],
          "afterHooks": [],
          "tests": [
            {
              "title": "string check",
              "fullTitle": "expect check string check",
              "timedOut": false,
              "duration": 0,
              "state": "passed",
              "speed": "fast",
              "pass": true,
              "fail": false,
              "pending": false,
              "context": null,
              "code": "expect(userName).to.be.a(\"string\")",
              "err": {},
              "uuid": "797628ee-9d03-430c-820a-7e564a4de510",
              "parentUUID": "e67a09cd-b8f0-42f4-bc38-40f8e5669a78",
              "isHook": false,
              "skipped": false
            },
            {
              "title": "equal check",
              "fullTitle": "expect check equal check",
              "timedOut": false,
              "duration": 0,
              "state": "passed",
              "speed": "fast",
              "pass": true,
              "fail": false,
              "pending": false,
              "context": null,
              "code": "expect(userName).to.equal(\"asif\")",
              "err": {},
              "uuid": "456f8743-fe3a-452e-8bce-f22730dac640",
              "parentUUID": "e67a09cd-b8f0-42f4-bc38-40f8e5669a78",
              "isHook": false,
              "skipped": false
            },
            {
              "title": "length check",
              "fullTitle": "expect check length check",
              "timedOut": false,
              "duration": 1,
              "state": "passed",
              "speed": "fast",
              "pass": true,
              "fail": false,
              "pending": false,
              "context": null,
              "code": "expect(product).to.have.property(\"items\").with.lengthOf(2)",
              "err": {},
              "uuid": "2cdf1419-aab4-4e5c-a234-c73584867ae3",
              "parentUUID": "e67a09cd-b8f0-42f4-bc38-40f8e5669a78",
              "isHook": false,
              "skipped": false
            },
            {
              "title": "object check",
              "fullTitle": "expect check object check",
              "timedOut": false,
              "duration": 1,
              "state": "passed",
              "speed": "fast",
              "pass": true,
              "fail": false,
              "pending": false,
              "context": null,
              "code": "expect(product).to.have.keys(\"items\")",
              "err": {},
              "uuid": "447e47fa-5dc9-4e07-b89c-b61289c50b7c",
              "parentUUID": "e67a09cd-b8f0-42f4-bc38-40f8e5669a78",
              "isHook": false,
              "skipped": false
            }
          ],
          "suites": [],
          "passes": [
            "797628ee-9d03-430c-820a-7e564a4de510",
            "456f8743-fe3a-452e-8bce-f22730dac640",
            "2cdf1419-aab4-4e5c-a234-c73584867ae3",
            "447e47fa-5dc9-4e07-b89c-b61289c50b7c"
          ],
          "failures": [],
          "pending": [],
          "skipped": [],
          "duration": 2,
          "root": false,
          "rootEmpty": false,
          "_timeout": 2000
        },
        {
          "uuid": "5b2b516e-8591-409a-bf85-b72b9ca17d72",
          "title": "--------Task api---------",
          "fullFile": "C:\\Users\\asifr\\Desktop\\mochaChai\\test-case\\chaihttpapi.spec.js",
          "file": "\\test-case\\chaihttpapi.spec.js",
          "beforeHooks": [],
          "afterHooks": [],
          "tests": [
            {
              "title": "get user",
              "fullTitle": "--------Task api--------- get user",
              "timedOut": false,
              "duration": 100,
              "state": "passed",
              "speed": "slow",
              "pass": true,
              "fail": false,
              "pending": false,
              "context": null,
              "code": "chai.request(\"https://jsonplaceholder.typicode.com\")\n.get(\"/todos/1\")\n.end((err, res) => {\n    expect(res.status).to.be.equal(200)\n    expect(res.body).to.have.all.keys(\"userId\", \"title\", \"completed\", \"id\")\n    done()\n})",
              "err": {},
              "uuid": "388be442-f06b-402d-a44b-42884f781b98",
              "parentUUID": "5b2b516e-8591-409a-bf85-b72b9ca17d72",
              "isHook": false,
              "skipped": false
            }
          ],
          "suites": [],
          "passes": [
            "388be442-f06b-402d-a44b-42884f781b98"
          ],
          "failures": [],
          "pending": [],
          "skipped": [],
          "duration": 100,
          "root": false,
          "rootEmpty": false,
          "_timeout": 2000
        },
        {
          "uuid": "4b3f7d74-4e2c-4fa9-bc93-b780835df98c",
          "title": "Hooks Check",
          "fullFile": "C:\\Users\\asifr\\Desktop\\mochaChai\\test-case\\hook.spec.js",
          "file": "\\test-case\\hook.spec.js",
          "beforeHooks": [
            {
              "title": "\"before all\" hook in \"Hooks Check\"",
              "fullTitle": "Hooks Check \"before all\" hook in \"Hooks Check\"",
              "timedOut": false,
              "duration": 0,
              "state": null,
              "speed": null,
              "pass": false,
              "fail": false,
              "pending": false,
              "context": null,
              "code": "console.log(\"===================first==============\")",
              "err": {},
              "uuid": "13bfc636-99c1-4bc9-9b1d-d0a3f2bb1b59",
              "parentUUID": "4b3f7d74-4e2c-4fa9-bc93-b780835df98c",
              "isHook": true,
              "skipped": false
            },
            {
              "title": "\"before each\" hook in \"Hooks Check\"",
              "fullTitle": "Hooks Check \"before each\" hook in \"Hooks Check\"",
              "timedOut": false,
              "duration": 1,
              "state": null,
              "speed": null,
              "pass": false,
              "fail": false,
              "pending": false,
              "context": null,
              "code": "sinon.restore()\nconsole.log(\"==before every test case==\")",
              "err": {},
              "uuid": "ffcdd5f5-44d8-431b-9ac5-b58bf4f91e39",
              "parentUUID": "4b3f7d74-4e2c-4fa9-bc93-b780835df98c",
              "isHook": true,
              "skipped": false
            }
          ],
          "afterHooks": [
            {
              "title": "\"after all\" hook in \"Hooks Check\"",
              "fullTitle": "Hooks Check \"after all\" hook in \"Hooks Check\"",
              "timedOut": false,
              "duration": 1,
              "state": null,
              "speed": null,
              "pass": false,
              "fail": false,
              "pending": false,
              "context": null,
              "code": "console.log(\"===================last==============\")",
              "err": {},
              "uuid": "b1c0cbca-f492-48bd-b0db-c397db1b4e4f",
              "parentUUID": "4b3f7d74-4e2c-4fa9-bc93-b780835df98c",
              "isHook": true,
              "skipped": false
            },
            {
              "title": "\"after each\" hook in \"Hooks Check\"",
              "fullTitle": "Hooks Check \"after each\" hook in \"Hooks Check\"",
              "timedOut": false,
              "duration": 1,
              "state": null,
              "speed": null,
              "pass": false,
              "fail": false,
              "pending": false,
              "context": null,
              "code": "console.log(\"==after evrey test case==\")",
              "err": {},
              "uuid": "fc64f07a-adbf-43b0-b026-040bc613d731",
              "parentUUID": "4b3f7d74-4e2c-4fa9-bc93-b780835df98c",
              "isHook": true,
              "skipped": false
            }
          ],
          "tests": [
            {
              "title": "check string",
              "fullTitle": "Hooks Check check string",
              "timedOut": false,
              "duration": 0,
              "state": "passed",
              "speed": "fast",
              "pass": true,
              "fail": false,
              "pending": false,
              "context": null,
              "code": "expect(data).to.be.a(\"string\")",
              "err": {},
              "uuid": "ffbf4bde-5db6-4dcc-9872-2040cb06dcf9",
              "parentUUID": "4b3f7d74-4e2c-4fa9-bc93-b780835df98c",
              "isHook": false,
              "skipped": false
            },
            {
              "title": "value",
              "fullTitle": "Hooks Check value",
              "timedOut": false,
              "duration": 0,
              "state": "passed",
              "speed": "fast",
              "pass": true,
              "fail": false,
              "pending": false,
              "context": null,
              "code": "expect(data).to.be.equal(\"code\")",
              "err": {},
              "uuid": "2631d167-e14c-493b-a607-a43d7b5a4006",
              "parentUUID": "4b3f7d74-4e2c-4fa9-bc93-b780835df98c",
              "isHook": false,
              "skipped": false
            }
          ],
          "suites": [],
          "passes": [
            "ffbf4bde-5db6-4dcc-9872-2040cb06dcf9",
            "2631d167-e14c-493b-a607-a43d7b5a4006"
          ],
          "failures": [],
          "pending": [],
          "skipped": [],
          "duration": 0,
          "root": false,
          "rootEmpty": false,
          "_timeout": 2000
        },
        {
          "uuid": "68568632-5a08-48c4-9c44-87aff7d3f562",
          "title": "--------stub check---------",
          "fullFile": "C:\\Users\\asifr\\Desktop\\mochaChai\\test-case\\mock.spec.js",
          "file": "\\test-case\\mock.spec.js",
          "beforeHooks": [],
          "afterHooks": [],
          "tests": [
            {
              "title": "count function",
              "fullTitle": "--------stub check--------- count function",
              "timedOut": false,
              "duration": 6,
              "state": "passed",
              "speed": "fast",
              "pass": true,
              "fail": false,
              "pending": false,
              "context": null,
              "code": "const mock = sinon.mock(studentObj)\n\nconst expect = mock.expects(\"getExternal\")\n\nexpect.exactly(1).withArgs(40)\nstudentObj.finalMarks(40)\nmock.verify()",
              "err": {},
              "uuid": "5af97a0b-d373-4ba4-b039-a3d4bb33270b",
              "parentUUID": "68568632-5a08-48c4-9c44-87aff7d3f562",
              "isHook": false,
              "skipped": false
            }
          ],
          "suites": [],
          "passes": [
            "5af97a0b-d373-4ba4-b039-a3d4bb33270b"
          ],
          "failures": [],
          "pending": [],
          "skipped": [],
          "duration": 6,
          "root": false,
          "rootEmpty": false,
          "_timeout": 2000
        },
        {
          "uuid": "369354e7-5332-4d0a-99e6-dcdba4e01860",
          "title": "--------nock check---------",
          "fullFile": "C:\\Users\\asifr\\Desktop\\mochaChai\\test-case\\nock.spec.js",
          "file": "\\test-case\\nock.spec.js",
          "beforeHooks": [],
          "afterHooks": [],
          "tests": [
            {
              "title": "api test",
              "fullTitle": "--------nock check--------- api test",
              "timedOut": false,
              "duration": 54,
              "state": "passed",
              "speed": "medium",
              "pass": true,
              "fail": false,
              "pending": false,
              "context": null,
              "code": "const obj = {\n    \"userId\": 1,\n    \"id\": 1,\n    \"title\": \"delectus aut autem\",\n    \"completed\": false\n  }\nconst apiHit = nock(\"https://jsonplaceholder.typicode.com\")\n.get(\"/todos/1\")\n.reply(200, obj)\nstudentObj.thirdPartyApi()\n.then(function(record){\n    expect(record).to.be.eql(obj)\n    done()\n})\n.catch(err => {\n    done(new Error(\"error:- \"+ error))\n})",
              "err": {},
              "uuid": "65280614-af08-447f-bb9a-d0d00026373d",
              "parentUUID": "369354e7-5332-4d0a-99e6-dcdba4e01860",
              "isHook": false,
              "skipped": false
            }
          ],
          "suites": [],
          "passes": [
            "65280614-af08-447f-bb9a-d0d00026373d"
          ],
          "failures": [],
          "pending": [],
          "skipped": [],
          "duration": 54,
          "root": false,
          "rootEmpty": false,
          "_timeout": 2000
        },
        {
          "uuid": "66af8554-623a-45e7-b7a8-ac1a2e1c662e",
          "title": "--------promise check---------",
          "fullFile": "C:\\Users\\asifr\\Desktop\\mochaChai\\test-case\\promise.spec.js",
          "file": "\\test-case\\promise.spec.js",
          "beforeHooks": [],
          "afterHooks": [],
          "tests": [
            {
              "title": "Normal value function",
              "fullTitle": "--------promise check--------- Normal value function",
              "timedOut": false,
              "duration": 15009,
              "state": "passed",
              "speed": "slow",
              "pass": true,
              "fail": false,
              "pending": false,
              "context": null,
              "code": "//expect(studentObj.dbData()).to.be.equal(10)\nthis.timeout(0)\nstudentObj.dbData().then((result) => {\n    expect(result).to.be.equal(10)\n    done()\n})",
              "err": {},
              "uuid": "18ff1034-a87e-4905-987c-7a59d057930d",
              "parentUUID": "66af8554-623a-45e7-b7a8-ac1a2e1c662e",
              "isHook": false,
              "skipped": false
            },
            {
              "title": "package value function",
              "fullTitle": "--------promise check--------- package value function",
              "timedOut": false,
              "duration": 15004,
              "state": "passed",
              "speed": "slow",
              "pass": true,
              "fail": false,
              "pending": false,
              "context": null,
              "code": "this.timeout(0)\nreturn expect(studentObj.dbData()).to.eventually.equal(10)",
              "err": {},
              "uuid": "c4ae22c7-c0d4-45d2-9572-a4170c6ef6c8",
              "parentUUID": "66af8554-623a-45e7-b7a8-ac1a2e1c662e",
              "isHook": false,
              "skipped": false
            }
          ],
          "suites": [],
          "passes": [
            "18ff1034-a87e-4905-987c-7a59d057930d",
            "c4ae22c7-c0d4-45d2-9572-a4170c6ef6c8"
          ],
          "failures": [],
          "pending": [],
          "skipped": [],
          "duration": 30013,
          "root": false,
          "rootEmpty": false,
          "_timeout": 2000
        },
        {
          "uuid": "c8a137d2-9f95-4817-b529-f000c746cca3",
          "title": "--------spay check---------",
          "fullFile": "C:\\Users\\asifr\\Desktop\\mochaChai\\test-case\\spay.spec.js",
          "file": "\\test-case\\spay.spec.js",
          "beforeHooks": [],
          "afterHooks": [
            {
              "title": "\"after each\" hook in \"--------spay check---------\"",
              "fullTitle": "--------spay check--------- \"after each\" hook in \"--------spay check---------\"",
              "timedOut": false,
              "duration": 0,
              "state": null,
              "speed": null,
              "pass": false,
              "fail": false,
              "pending": false,
              "context": null,
              "code": "sinon.restore()",
              "err": {},
              "uuid": "6b7b600a-91c5-4165-a41a-c03822507f80",
              "parentUUID": "c8a137d2-9f95-4817-b529-f000c746cca3",
              "isHook": true,
              "skipped": false
            }
          ],
          "tests": [
            {
              "title": "test user function",
              "fullTitle": "--------spay check--------- test user function",
              "timedOut": false,
              "duration": 0,
              "state": "passed",
              "speed": "fast",
              "pass": true,
              "fail": false,
              "pending": false,
              "context": null,
              "code": "expect(studentObj.userId()).to.be.equal(12)",
              "err": {},
              "uuid": "69927f9f-84b9-4e19-944e-e38169336a47",
              "parentUUID": "c8a137d2-9f95-4817-b529-f000c746cca3",
              "isHook": false,
              "skipped": false
            },
            {
              "title": "function count",
              "fullTitle": "--------spay check--------- function count",
              "timedOut": false,
              "duration": 1,
              "state": "passed",
              "speed": "fast",
              "pass": true,
              "fail": false,
              "pending": false,
              "context": null,
              "code": "const spyObj = sinon.spy(studentObj, \"getInfo\")\nstudentObj.home(5)\nexpect(spyObj.calledOnce).to.be.true",
              "err": {},
              "uuid": "b1317828-0760-40cf-810d-5284275f08b7",
              "parentUUID": "c8a137d2-9f95-4817-b529-f000c746cca3",
              "isHook": false,
              "skipped": false
            },
            {
              "title": "function argument check",
              "fullTitle": "--------spay check--------- function argument check",
              "timedOut": false,
              "duration": 0,
              "state": "passed",
              "speed": "fast",
              "pass": true,
              "fail": false,
              "pending": false,
              "context": null,
              "code": "const spyObj = sinon.spy(studentObj, \"getInfo\")\nstudentObj.home(5)\nexpect(spyObj.calledWith(5,1)).to.be.true",
              "err": {},
              "uuid": "0f165be4-8797-4c77-a5a9-15e35b3f1d04",
              "parentUUID": "c8a137d2-9f95-4817-b529-f000c746cca3",
              "isHook": false,
              "skipped": false
            }
          ],
          "suites": [],
          "passes": [
            "69927f9f-84b9-4e19-944e-e38169336a47",
            "b1317828-0760-40cf-810d-5284275f08b7",
            "0f165be4-8797-4c77-a5a9-15e35b3f1d04"
          ],
          "failures": [],
          "pending": [],
          "skipped": [],
          "duration": 1,
          "root": false,
          "rootEmpty": false,
          "_timeout": 2000
        },
        {
          "uuid": "d8c5cc36-04c2-4e29-94e2-bf92372160b9",
          "title": "--------stub check---------",
          "fullFile": "C:\\Users\\asifr\\Desktop\\mochaChai\\test-case\\stub.spec.js",
          "file": "\\test-case\\stub.spec.js",
          "beforeHooks": [],
          "afterHooks": [],
          "tests": [
            {
              "title": "function argument check",
              "fullTitle": "--------stub check--------- function argument check",
              "timedOut": false,
              "duration": 3,
              "state": "passed",
              "speed": "fast",
              "pass": true,
              "fail": false,
              "pending": false,
              "context": null,
              "code": "const stub = sinon.stub(studentObj, \"getExternal\")\n\nstub.withArgs(40).returns(5)\nexpect(studentObj.finalMarks(40)).to.be.equal(54)",
              "err": {},
              "uuid": "6cef2d62-9142-4b12-91de-081d4d2d8699",
              "parentUUID": "d8c5cc36-04c2-4e29-94e2-bf92372160b9",
              "isHook": false,
              "skipped": false
            }
          ],
          "suites": [],
          "passes": [
            "6cef2d62-9142-4b12-91de-081d4d2d8699"
          ],
          "failures": [],
          "pending": [],
          "skipped": [],
          "duration": 3,
          "root": false,
          "rootEmpty": false,
          "_timeout": 2000
        }
      ],
      "passes": [],
      "failures": [],
      "pending": [],
      "skipped": [],
      "duration": 0,
      "root": true,
      "rootEmpty": true,
      "_timeout": 2000
    }
  ],
  "meta": {
    "mocha": {
      "version": "10.2.0"
    },
    "mochawesome": {
      "options": {
        "quiet": false,
        "reportFilename": "mochawesome",
        "saveHtml": true,
        "saveJson": true,
        "consoleReporter": "spec",
        "useInlineDiffs": false,
        "code": true
      },
      "version": "7.1.3"
    },
    "marge": {
      "options": {
        "reportDir": "Report",
        "": true
      },
      "version": "6.2.0"
    }
  }
}