{
  "stats": {
    "suites": 10,
    "tests": 22,
    "passes": 22,
    "pending": 0,
    "failures": 0,
    "start": "2023-04-06T09:45:25.454Z",
    "end": "2023-04-06T09:45:55.730Z",
    "duration": 30276,
    "testsRegistered": 22,
    "passPercent": 100,
    "pendingPercent": 0,
    "other": 0,
    "hasOther": false,
    "skipped": 0,
    "hasSkipped": false
  },
  "results": [
    {
      "uuid": "f4de340c-98f9-46d0-9f60-8d170211c446",
      "title": "",
      "fullFile": "",
      "file": "",
      "beforeHooks": [],
      "afterHooks": [],
      "tests": [],
      "suites": [
        {
          "uuid": "72bb42a1-20ac-4edc-bef4-380aeb5b210b",
          "title": "assert check",
          "fullFile": "C:\\Users\\asifr\\Desktop\\mochaChai\\test-case\\chai.spec.js",
          "file": "\\test-case\\chai.spec.js",
          "beforeHooks": [],
          "afterHooks": [],
          "tests": [
            {
              "title": "check string",
              "fullTitle": "assert check check string",
              "timedOut": false,
              "duration": 1,
              "state": "passed",
              "speed": "fast",
              "pass": true,
              "fail": false,
              "pending": false,
              "context": null,
              "code": "assert.typeOf(userName, \"string\")",
              "err": {},
              "uuid": "df6d80dc-6ca3-4abb-a2e8-df845377c2b0",
              "parentUUID": "72bb42a1-20ac-4edc-bef4-380aeb5b210b",
              "isHook": false,
              "skipped": false
            },
            {
              "title": "equal check",
              "fullTitle": "assert check equal check",
              "timedOut": false,
              "duration": 0,
              "state": "passed",
              "speed": "fast",
              "pass": true,
              "fail": false,
              "pending": false,
              "context": null,
              "code": "assert.equal(userName, \"asif\")",
              "err": {},
              "uuid": "44d0122e-75e3-440a-8f26-52bcb9527052",
              "parentUUID": "72bb42a1-20ac-4edc-bef4-380aeb5b210b",
              "isHook": false,
              "skipped": false
            },
            {
              "title": "length check",
              "fullTitle": "assert check length check",
              "timedOut": false,
              "duration": 1,
              "state": "passed",
              "speed": "fast",
              "pass": true,
              "fail": false,
              "pending": false,
              "context": null,
              "code": "assert.lengthOf(userName, 4, `${userName} value has a length ${userName.length}`);",
              "err": {},
              "uuid": "b8dd3c02-dc59-4471-be48-dbf10d9762c9",
              "parentUUID": "72bb42a1-20ac-4edc-bef4-380aeb5b210b",
              "isHook": false,
              "skipped": false
            },
            {
              "title": "length check of product",
              "fullTitle": "assert check length check of product",
              "timedOut": false,
              "duration": 0,
              "state": "passed",
              "speed": "fast",
              "pass": true,
              "fail": false,
              "pending": false,
              "context": null,
              "code": "assert.lengthOf(product.items, 2, `${product.items} value has a length ${product.items.length}`);",
              "err": {},
              "uuid": "859f4392-99af-4077-b15c-559d586e40ca",
              "parentUUID": "72bb42a1-20ac-4edc-bef4-380aeb5b210b",
              "isHook": false,
              "skipped": false
            }
          ],
          "suites": [],
          "passes": [
            "df6d80dc-6ca3-4abb-a2e8-df845377c2b0",
            "44d0122e-75e3-440a-8f26-52bcb9527052",
            "b8dd3c02-dc59-4471-be48-dbf10d9762c9",
            "859f4392-99af-4077-b15c-559d586e40ca"
          ],
          "failures": [],
          "pending": [],
          "skipped": [],
          "duration": 2,
          "root": false,
          "rootEmpty": false,
          "_timeout": 2000
        },
        {
          "uuid": "14ab9e49-8cd6-4f21-8014-1ff32547717c",
          "title": "should check",
          "fullFile": "C:\\Users\\asifr\\Desktop\\mochaChai\\test-case\\chai.spec.js",
          "file": "\\test-case\\chai.spec.js",
          "beforeHooks": [],
          "afterHooks": [],
          "tests": [
            {
              "title": "check string",
              "fullTitle": "should check check string",
              "timedOut": false,
              "duration": 0,
              "state": "passed",
              "speed": "fast",
              "pass": true,
              "fail": false,
              "pending": false,
              "context": null,
              "code": "userName.should.be.a(\"string\")",
              "err": {},
              "uuid": "d34f3858-ca12-4ab0-b633-f18094b7955d",
              "parentUUID": "14ab9e49-8cd6-4f21-8014-1ff32547717c",
              "isHook": false,
              "skipped": false
            },
            {
              "title": "check equal",
              "fullTitle": "should check check equal",
              "timedOut": false,
              "duration": 0,
              "state": "passed",
              "speed": "fast",
              "pass": true,
              "fail": false,
              "pending": false,
              "context": null,
              "code": "userName.should.equal(\"asif\")",
              "err": {},
              "uuid": "c43ebf81-ae46-44ec-84e3-930a58f70f28",
              "parentUUID": "14ab9e49-8cd6-4f21-8014-1ff32547717c",
              "isHook": false,
              "skipped": false
            },
            {
              "title": "check length",
              "fullTitle": "should check check length",
              "timedOut": false,
              "duration": 0,
              "state": "passed",
              "speed": "fast",
              "pass": true,
              "fail": false,
              "pending": false,
              "context": null,
              "code": "product.should.have.property(\"items\").with.lengthOf(2)",
              "err": {},
              "uuid": "8f3860d0-1900-4d51-b60a-3d6d575c4e94",
              "parentUUID": "14ab9e49-8cd6-4f21-8014-1ff32547717c",
              "isHook": false,
              "skipped": false
            }
          ],
          "suites": [],
          "passes": [
            "d34f3858-ca12-4ab0-b633-f18094b7955d",
            "c43ebf81-ae46-44ec-84e3-930a58f70f28",
            "8f3860d0-1900-4d51-b60a-3d6d575c4e94"
          ],
          "failures": [],
          "pending": [],
          "skipped": [],
          "duration": 0,
          "root": false,
          "rootEmpty": false,
          "_timeout": 2000
        },
        {
          "uuid": "79396cab-a678-4fd3-b63e-8db1099c3807",
          "title": "expect check",
          "fullFile": "C:\\Users\\asifr\\Desktop\\mochaChai\\test-case\\chai.spec.js",
          "file": "\\test-case\\chai.spec.js",
          "beforeHooks": [],
          "afterHooks": [],
          "tests": [
            {
              "title": "string check",
              "fullTitle": "expect check string check",
              "timedOut": false,
              "duration": 1,
              "state": "passed",
              "speed": "fast",
              "pass": true,
              "fail": false,
              "pending": false,
              "context": null,
              "code": "expect(userName).to.be.a(\"string\")",
              "err": {},
              "uuid": "3140fd8b-c498-41ed-a699-79a62e8de196",
              "parentUUID": "79396cab-a678-4fd3-b63e-8db1099c3807",
              "isHook": false,
              "skipped": false
            },
            {
              "title": "equal check",
              "fullTitle": "expect check equal check",
              "timedOut": false,
              "duration": 0,
              "state": "passed",
              "speed": "fast",
              "pass": true,
              "fail": false,
              "pending": false,
              "context": null,
              "code": "expect(userName).to.equal(\"asif\")",
              "err": {},
              "uuid": "fe9836f9-5966-469f-aa28-3000c84854f0",
              "parentUUID": "79396cab-a678-4fd3-b63e-8db1099c3807",
              "isHook": false,
              "skipped": false
            },
            {
              "title": "length check",
              "fullTitle": "expect check length check",
              "timedOut": false,
              "duration": 1,
              "state": "passed",
              "speed": "fast",
              "pass": true,
              "fail": false,
              "pending": false,
              "context": null,
              "code": "expect(product).to.have.property(\"items\").with.lengthOf(2)",
              "err": {},
              "uuid": "0666a650-def6-4818-9fa2-737e9891af39",
              "parentUUID": "79396cab-a678-4fd3-b63e-8db1099c3807",
              "isHook": false,
              "skipped": false
            },
            {
              "title": "object check",
              "fullTitle": "expect check object check",
              "timedOut": false,
              "duration": 1,
              "state": "passed",
              "speed": "fast",
              "pass": true,
              "fail": false,
              "pending": false,
              "context": null,
              "code": "expect(product).to.have.keys(\"items\")",
              "err": {},
              "uuid": "6ba06278-368e-4c1a-b577-2f79dcf9abcf",
              "parentUUID": "79396cab-a678-4fd3-b63e-8db1099c3807",
              "isHook": false,
              "skipped": false
            }
          ],
          "suites": [],
          "passes": [
            "3140fd8b-c498-41ed-a699-79a62e8de196",
            "fe9836f9-5966-469f-aa28-3000c84854f0",
            "0666a650-def6-4818-9fa2-737e9891af39",
            "6ba06278-368e-4c1a-b577-2f79dcf9abcf"
          ],
          "failures": [],
          "pending": [],
          "skipped": [],
          "duration": 3,
          "root": false,
          "rootEmpty": false,
          "_timeout": 2000
        },
        {
          "uuid": "39cbf683-8712-482d-ba1f-1169e68b6d79",
          "title": "--------Task api---------",
          "fullFile": "C:\\Users\\asifr\\Desktop\\mochaChai\\test-case\\chaihttpapi.spec.js",
          "file": "\\test-case\\chaihttpapi.spec.js",
          "beforeHooks": [],
          "afterHooks": [],
          "tests": [
            {
              "title": "get user",
              "fullTitle": "--------Task api--------- get user",
              "timedOut": false,
              "duration": 115,
              "state": "passed",
              "speed": "slow",
              "pass": true,
              "fail": false,
              "pending": false,
              "context": null,
              "code": "chai.request(\"https://jsonplaceholder.typicode.com\")\n.get(\"/todos/1\")\n.end((err, res) => {\n    expect(res.status).to.be.equal(200)\n    expect(res.body).to.have.all.keys(\"userId\", \"title\", \"completed\", \"id\")\n    done()\n})",
              "err": {},
              "uuid": "4968e6c2-d1a7-47c1-b8b0-9d48b73297de",
              "parentUUID": "39cbf683-8712-482d-ba1f-1169e68b6d79",
              "isHook": false,
              "skipped": false
            }
          ],
          "suites": [],
          "passes": [
            "4968e6c2-d1a7-47c1-b8b0-9d48b73297de"
          ],
          "failures": [],
          "pending": [],
          "skipped": [],
          "duration": 115,
          "root": false,
          "rootEmpty": false,
          "_timeout": 2000
        },
        {
          "uuid": "333c7381-f355-4c8d-bdc4-6ff0e1e016d1",
          "title": "Hooks Check",
          "fullFile": "C:\\Users\\asifr\\Desktop\\mochaChai\\test-case\\hook.spec.js",
          "file": "\\test-case\\hook.spec.js",
          "beforeHooks": [
            {
              "title": "\"before all\" hook in \"Hooks Check\"",
              "fullTitle": "Hooks Check \"before all\" hook in \"Hooks Check\"",
              "timedOut": false,
              "duration": 1,
              "state": null,
              "speed": null,
              "pass": false,
              "fail": false,
              "pending": false,
              "context": null,
              "code": "console.log(\"===================first==============\")",
              "err": {},
              "uuid": "82bf4254-3a65-469a-a911-1114ad38078c",
              "parentUUID": "333c7381-f355-4c8d-bdc4-6ff0e1e016d1",
              "isHook": true,
              "skipped": false
            },
            {
              "title": "\"before each\" hook in \"Hooks Check\"",
              "fullTitle": "Hooks Check \"before each\" hook in \"Hooks Check\"",
              "timedOut": false,
              "duration": 1,
              "state": null,
              "speed": null,
              "pass": false,
              "fail": false,
              "pending": false,
              "context": null,
              "code": "sinon.restore()\nconsole.log(\"==before every test case==\")",
              "err": {},
              "uuid": "0e149ccc-4487-445e-8c44-334a945853da",
              "parentUUID": "333c7381-f355-4c8d-bdc4-6ff0e1e016d1",
              "isHook": true,
              "skipped": false
            }
          ],
          "afterHooks": [
            {
              "title": "\"after all\" hook in \"Hooks Check\"",
              "fullTitle": "Hooks Check \"after all\" hook in \"Hooks Check\"",
              "timedOut": false,
              "duration": 1,
              "state": null,
              "speed": null,
              "pass": false,
              "fail": false,
              "pending": false,
              "context": null,
              "code": "console.log(\"===================last==============\")",
              "err": {},
              "uuid": "dc2b4a01-1bdf-4668-a9cb-cc7b4885c77a",
              "parentUUID": "333c7381-f355-4c8d-bdc4-6ff0e1e016d1",
              "isHook": true,
              "skipped": false
            },
            {
              "title": "\"after each\" hook in \"Hooks Check\"",
              "fullTitle": "Hooks Check \"after each\" hook in \"Hooks Check\"",
              "timedOut": false,
              "duration": 0,
              "state": null,
              "speed": null,
              "pass": false,
              "fail": false,
              "pending": false,
              "context": null,
              "code": "console.log(\"==after evrey test case==\")",
              "err": {},
              "uuid": "41f97399-7755-4d5a-b03d-37be9c01e6c8",
              "parentUUID": "333c7381-f355-4c8d-bdc4-6ff0e1e016d1",
              "isHook": true,
              "skipped": false
            }
          ],
          "tests": [
            {
              "title": "check string",
              "fullTitle": "Hooks Check check string",
              "timedOut": false,
              "duration": 0,
              "state": "passed",
              "speed": "fast",
              "pass": true,
              "fail": false,
              "pending": false,
              "context": null,
              "code": "expect(data).to.be.a(\"string\")",
              "err": {},
              "uuid": "6ab64a47-d9ec-47d3-999d-94a339cc6c19",
              "parentUUID": "333c7381-f355-4c8d-bdc4-6ff0e1e016d1",
              "isHook": false,
              "skipped": false
            },
            {
              "title": "value",
              "fullTitle": "Hooks Check value",
              "timedOut": false,
              "duration": 0,
              "state": "passed",
              "speed": "fast",
              "pass": true,
              "fail": false,
              "pending": false,
              "context": null,
              "code": "expect(data).to.be.equal(\"code\")",
              "err": {},
              "uuid": "13264378-2be1-44aa-8ab2-e8a269dcf1e9",
              "parentUUID": "333c7381-f355-4c8d-bdc4-6ff0e1e016d1",
              "isHook": false,
              "skipped": false
            }
          ],
          "suites": [],
          "passes": [
            "6ab64a47-d9ec-47d3-999d-94a339cc6c19",
            "13264378-2be1-44aa-8ab2-e8a269dcf1e9"
          ],
          "failures": [],
          "pending": [],
          "skipped": [],
          "duration": 0,
          "root": false,
          "rootEmpty": false,
          "_timeout": 2000
        },
        {
          "uuid": "251d148f-f5ec-4c66-a3da-14893e2fdbd3",
          "title": "--------stub check---------",
          "fullFile": "C:\\Users\\asifr\\Desktop\\mochaChai\\test-case\\mock.spec.js",
          "file": "\\test-case\\mock.spec.js",
          "beforeHooks": [],
          "afterHooks": [],
          "tests": [
            {
              "title": "count function",
              "fullTitle": "--------stub check--------- count function",
              "timedOut": false,
              "duration": 5,
              "state": "passed",
              "speed": "fast",
              "pass": true,
              "fail": false,
              "pending": false,
              "context": null,
              "code": "const mock = sinon.mock(studentObj)\n\nconst expect = mock.expects(\"getExternal\")\n\nexpect.exactly(1).withArgs(40)\nstudentObj.finalMarks(40)\nmock.verify()",
              "err": {},
              "uuid": "f899724e-24c9-4c38-a446-f0ad8d35329f",
              "parentUUID": "251d148f-f5ec-4c66-a3da-14893e2fdbd3",
              "isHook": false,
              "skipped": false
            }
          ],
          "suites": [],
          "passes": [
            "f899724e-24c9-4c38-a446-f0ad8d35329f"
          ],
          "failures": [],
          "pending": [],
          "skipped": [],
          "duration": 5,
          "root": false,
          "rootEmpty": false,
          "_timeout": 2000
        },
        {
          "uuid": "ee322711-fc1b-4da4-95cb-ab4a518a8896",
          "title": "--------nock check---------",
          "fullFile": "C:\\Users\\asifr\\Desktop\\mochaChai\\test-case\\nock.spec.js",
          "file": "\\test-case\\nock.spec.js",
          "beforeHooks": [],
          "afterHooks": [],
          "tests": [
            {
              "title": "api test",
              "fullTitle": "--------nock check--------- api test",
              "timedOut": false,
              "duration": 47,
              "state": "passed",
              "speed": "medium",
              "pass": true,
              "fail": false,
              "pending": false,
              "context": null,
              "code": "const obj = {\n    \"userId\": 1,\n    \"id\": 1,\n    \"title\": \"delectus aut autem\",\n    \"completed\": false\n  }\nconst apiHit = nock(\"https://jsonplaceholder.typicode.com\")\n.get(\"/todos/1\")\n.reply(200, obj)\nstudentObj.thirdPartyApi()\n.then(function(record){\n    expect(record).to.be.eql(obj)\n    done()\n})\n.catch(err => {\n    done(new Error(\"error:- \"+ error))\n})",
              "err": {},
              "uuid": "5c22e1ee-ddcb-4dbb-9e06-b2d4eeefdf89",
              "parentUUID": "ee322711-fc1b-4da4-95cb-ab4a518a8896",
              "isHook": false,
              "skipped": false
            }
          ],
          "suites": [],
          "passes": [
            "5c22e1ee-ddcb-4dbb-9e06-b2d4eeefdf89"
          ],
          "failures": [],
          "pending": [],
          "skipped": [],
          "duration": 47,
          "root": false,
          "rootEmpty": false,
          "_timeout": 2000
        },
        {
          "uuid": "9e2b14da-7599-41f4-aa9b-196a6b30c944",
          "title": "--------promise check---------",
          "fullFile": "C:\\Users\\asifr\\Desktop\\mochaChai\\test-case\\promise.spec.js",
          "file": "\\test-case\\promise.spec.js",
          "beforeHooks": [],
          "afterHooks": [],
          "tests": [
            {
              "title": "Normal value function",
              "fullTitle": "--------promise check--------- Normal value function",
              "timedOut": false,
              "duration": 15002,
              "state": "passed",
              "speed": "slow",
              "pass": true,
              "fail": false,
              "pending": false,
              "context": null,
              "code": "//expect(studentObj.dbData()).to.be.equal(10)\nthis.timeout(0)\nstudentObj.dbData().then((result) => {\n    expect(result).to.be.equal(10)\n    done()\n})",
              "err": {},
              "uuid": "2bf98adf-70e9-4166-93eb-add7f6fc650e",
              "parentUUID": "9e2b14da-7599-41f4-aa9b-196a6b30c944",
              "isHook": false,
              "skipped": false
            },
            {
              "title": "package value function",
              "fullTitle": "--------promise check--------- package value function",
              "timedOut": false,
              "duration": 15012,
              "state": "passed",
              "speed": "slow",
              "pass": true,
              "fail": false,
              "pending": false,
              "context": null,
              "code": "this.timeout(0)\nreturn expect(studentObj.dbData()).to.eventually.equal(10)",
              "err": {},
              "uuid": "2ec97a3e-01d5-4dda-a471-e81f30636b67",
              "parentUUID": "9e2b14da-7599-41f4-aa9b-196a6b30c944",
              "isHook": false,
              "skipped": false
            }
          ],
          "suites": [],
          "passes": [
            "2bf98adf-70e9-4166-93eb-add7f6fc650e",
            "2ec97a3e-01d5-4dda-a471-e81f30636b67"
          ],
          "failures": [],
          "pending": [],
          "skipped": [],
          "duration": 30014,
          "root": false,
          "rootEmpty": false,
          "_timeout": 2000
        },
        {
          "uuid": "255172be-060c-4bdf-85e0-ef745578ea69",
          "title": "--------spay check---------",
          "fullFile": "C:\\Users\\asifr\\Desktop\\mochaChai\\test-case\\spay.spec.js",
          "file": "\\test-case\\spay.spec.js",
          "beforeHooks": [],
          "afterHooks": [
            {
              "title": "\"after each\" hook in \"--------spay check---------\"",
              "fullTitle": "--------spay check--------- \"after each\" hook in \"--------spay check---------\"",
              "timedOut": false,
              "duration": 0,
              "state": null,
              "speed": null,
              "pass": false,
              "fail": false,
              "pending": false,
              "context": null,
              "code": "sinon.restore()",
              "err": {},
              "uuid": "ca279a70-7ff7-41c5-9579-a68b5e3d23a4",
              "parentUUID": "255172be-060c-4bdf-85e0-ef745578ea69",
              "isHook": true,
              "skipped": false
            }
          ],
          "tests": [
            {
              "title": "test user function",
              "fullTitle": "--------spay check--------- test user function",
              "timedOut": false,
              "duration": 0,
              "state": "passed",
              "speed": "fast",
              "pass": true,
              "fail": false,
              "pending": false,
              "context": null,
              "code": "expect(studentObj.userId()).to.be.equal(12)",
              "err": {},
              "uuid": "501976d3-c056-4c63-875e-93b92977eeec",
              "parentUUID": "255172be-060c-4bdf-85e0-ef745578ea69",
              "isHook": false,
              "skipped": false
            },
            {
              "title": "function count",
              "fullTitle": "--------spay check--------- function count",
              "timedOut": false,
              "duration": 2,
              "state": "passed",
              "speed": "fast",
              "pass": true,
              "fail": false,
              "pending": false,
              "context": null,
              "code": "const spyObj = sinon.spy(studentObj, \"getInfo\")\nstudentObj.home(5)\nexpect(spyObj.calledOnce).to.be.true",
              "err": {},
              "uuid": "82eb229d-bca2-416a-be55-19983aa64613",
              "parentUUID": "255172be-060c-4bdf-85e0-ef745578ea69",
              "isHook": false,
              "skipped": false
            },
            {
              "title": "function argument check",
              "fullTitle": "--------spay check--------- function argument check",
              "timedOut": false,
              "duration": 1,
              "state": "passed",
              "speed": "fast",
              "pass": true,
              "fail": false,
              "pending": false,
              "context": null,
              "code": "const spyObj = sinon.spy(studentObj, \"getInfo\")\nstudentObj.home(5)\nexpect(spyObj.calledWith(5,1)).to.be.true",
              "err": {},
              "uuid": "5ce206fb-8b18-4421-88fe-370b31a5cd8b",
              "parentUUID": "255172be-060c-4bdf-85e0-ef745578ea69",
              "isHook": false,
              "skipped": false
            }
          ],
          "suites": [],
          "passes": [
            "501976d3-c056-4c63-875e-93b92977eeec",
            "82eb229d-bca2-416a-be55-19983aa64613",
            "5ce206fb-8b18-4421-88fe-370b31a5cd8b"
          ],
          "failures": [],
          "pending": [],
          "skipped": [],
          "duration": 3,
          "root": false,
          "rootEmpty": false,
          "_timeout": 2000
        },
        {
          "uuid": "17751160-8bf4-47fd-8cff-d393741ac058",
          "title": "--------stub check---------",
          "fullFile": "C:\\Users\\asifr\\Desktop\\mochaChai\\test-case\\stub.spec.js",
          "file": "\\test-case\\stub.spec.js",
          "beforeHooks": [],
          "afterHooks": [],
          "tests": [
            {
              "title": "function argument check",
              "fullTitle": "--------stub check--------- function argument check",
              "timedOut": false,
              "duration": 12,
              "state": "passed",
              "speed": "fast",
              "pass": true,
              "fail": false,
              "pending": false,
              "context": null,
              "code": "const stub = sinon.stub(studentObj, \"getExternal\")\n\nstub.withArgs(40).returns(5)\nexpect(studentObj.finalMarks(40)).to.be.equal(54)",
              "err": {},
              "uuid": "1ab28b06-af79-4d02-b31b-388e8895ec96",
              "parentUUID": "17751160-8bf4-47fd-8cff-d393741ac058",
              "isHook": false,
              "skipped": false
            }
          ],
          "suites": [],
          "passes": [
            "1ab28b06-af79-4d02-b31b-388e8895ec96"
          ],
          "failures": [],
          "pending": [],
          "skipped": [],
          "duration": 12,
          "root": false,
          "rootEmpty": false,
          "_timeout": 2000
        }
      ],
      "passes": [],
      "failures": [],
      "pending": [],
      "skipped": [],
      "duration": 0,
      "root": true,
      "rootEmpty": true,
      "_timeout": 2000
    }
  ],
  "meta": {
    "mocha": {
      "version": "10.2.0"
    },
    "mochawesome": {
      "options": {
        "quiet": false,
        "reportFilename": "mochawesome",
        "saveHtml": true,
        "saveJson": true,
        "consoleReporter": "spec",
        "useInlineDiffs": false,
        "code": true
      },
      "version": "7.1.3"
    },
    "marge": {
      "options": null,
      "version": "6.2.0"
    }
  }
}